<?xml version="1.0" encoding="UTF-8"?>
<testsuite xmlns:xsi="http://www.w3.org/2001/XMLSchema-instance" xsi:noNamespaceSchemaLocation="https://maven.apache.org/surefire/maven-surefire-plugin/xsd/surefire-test-report-3.0.xsd" version="3.0" name="com.ctrlbuy.webshop.security.repository.UserRepositoryTest" time="10.76" tests="2" errors="0" skipped="0" failures="0">
  <properties>
[...]
</properties>
  <testcase name="testFindByEmail" classname="com.ctrlbuy.webshop.security.repository.UserRepositoryTest" time="1.266">
    <system-out><![CDATA[11:16:12.589 [main] INFO org.springframework.test.context.support.AnnotationConfigContextLoaderUtils -- Could not detect default configuration classes for test class [com.ctrlbuy.webshop.security.repository.UserRepositoryTest]: UserRepositoryTest does not declare any static, non-private, non-final, nested classes annotated with @Configuration.
11:16:12.900 [main] INFO org.springframework.boot.test.context.SpringBootTestContextBootstrapper -- Found @SpringBootConfiguration com.ctrlbuy.webshop.CtrlbuyWebshopApplication for test class com.ctrlbuy.webshop.security.repository.UserRepositoryTest
  .   ____          _            __ _ _
 /\\ / ___'_ __ _ _(_)_ __  __ _ \ \ \ \
( ( )\___ | '_ | '_| | '_ \/ _` | \ \ \ \
 \\/  ___)| |_)| | | | | || (_| |  ) ) ) )
  '  |____| .__|_| |_|_| |_\__, | / / / /
 =========|_|==============|___/=/_/_/_/

 :: Spring Boot ::                (v3.3.0)

2025-06-12 11:16:14 - Starting UserRepositoryTest using Java 21.0.1 with PID 4079 (started by zarkow in /Users/zarkow/portfolio-projects/webshop)
2025-06-12 11:16:14 - Running with Spring Boot v3.3.0, Spring v6.1.8
2025-06-12 11:16:14 - The following 1 profile is active: "test"
2025-06-12 11:16:14 - Bootstrapping Spring Data JPA repositories in DEFAULT mode.
2025-06-12 11:16:14 - Finished Spring Data repository scanning in 60 ms. Found 1 JPA repository interface.
2025-06-12 11:16:15 - HikariPool-1 - Starting...
2025-06-12 11:16:16 - HikariPool-1 - Added connection conn0: url=jdbc:h2:mem:testdb user=SA
2025-06-12 11:16:16 - HikariPool-1 - Start completed.
2025-06-12 11:16:16 - HHH000204: Processing PersistenceUnitInfo [name: default]
2025-06-12 11:16:16 - HHH000412: Hibernate ORM core version 6.5.2.Final
2025-06-12 11:16:16 - HHH000026: Second-level cache disabled
2025-06-12 11:16:17 - No LoadTimeWeaver setup: ignoring JPA class transformer
2025-06-12 11:16:17 - HHH90000025: H2Dialect does not need to be specified explicitly using 'hibernate.dialect' (remove the property setting and it will be selected by default)
2025-06-12 11:16:19 - HHH000489: No JTA platform available (set 'hibernate.transaction.jta.platform' to enable JTA platform integration)
2025-06-12 11:16:20 - 
    drop table if exists cart_items cascade 
Hibernate: 
    drop table if exists cart_items cascade 
2025-06-12 11:16:20 - 
    drop table if exists carts cascade 
Hibernate: 
    drop table if exists carts cascade 
2025-06-12 11:16:20 - 
    drop table if exists categories cascade 
Hibernate: 
    drop table if exists categories cascade 
2025-06-12 11:16:20 - 
    drop table if exists customer_entity cascade 
Hibernate: 
    drop table if exists customer_entity cascade 
2025-06-12 11:16:20 - 
    drop table if exists order_items cascade 
Hibernate: 
    drop table if exists order_items cascade 
2025-06-12 11:16:20 - 
    drop table if exists orders cascade 
Hibernate: 
    drop table if exists orders cascade 
2025-06-12 11:16:20 - 
    drop table if exists payments cascade 
Hibernate: 
    drop table if exists payments cascade 
2025-06-12 11:16:20 - 
    drop table if exists products cascade 
Hibernate: 
    drop table if exists products cascade 
2025-06-12 11:16:20 - 
    drop table if exists roles cascade 
Hibernate: 
    drop table if exists roles cascade 
2025-06-12 11:16:20 - 
    drop table if exists user_roles cascade 
Hibernate: 
    drop table if exists user_roles cascade 
2025-06-12 11:16:20 - 
    drop table if exists users cascade 
Hibernate: 
    drop table if exists users cascade 
2025-06-12 11:16:20 - 
    create table cart_items (
        quantity integer not null,
        unit_price numeric(10,2) not null,
        cart_id bigint,
        id bigint generated by default as identity,
        product_id bigint not null,
        primary key (id)
    )
Hibernate: 
    create table cart_items (
        quantity integer not null,
        unit_price numeric(10,2) not null,
        cart_id bigint,
        id bigint generated by default as identity,
        product_id bigint not null,
        primary key (id)
    )
2025-06-12 11:16:20 - 
    create table carts (
        created_at timestamp(6),
        id bigint generated by default as identity,
        updated_at timestamp(6),
        user_id bigint,
        session_id varchar(255),
        primary key (id)
    )
Hibernate: 
    create table carts (
        created_at timestamp(6),
        id bigint generated by default as identity,
        updated_at timestamp(6),
        user_id bigint,
        session_id varchar(255),
        primary key (id)
    )
2025-06-12 11:16:20 - 
    create table categories (
        id bigint generated by default as identity,
        description varchar(255),
        name varchar(255) not null unique,
        primary key (id)
    )
Hibernate: 
    create table categories (
        id bigint generated by default as identity,
        description varchar(255),
        name varchar(255) not null unique,
        primary key (id)
    )
2025-06-12 11:16:20 - 
    create table customer_entity (
        id bigint not null,
        password varchar(255),
        username varchar(255),
        primary key (id)
    )
Hibernate: 
    create table customer_entity (
        id bigint not null,
        password varchar(255),
        username varchar(255),
        primary key (id)
    )
2025-06-12 11:16:20 - 
    create table order_items (
        price float(53) not null,
        quantity integer not null,
        id bigint generated by default as identity,
        order_id bigint,
        product_id bigint,
        product_name varchar(255) not null,
        primary key (id)
    )
Hibernate: 
    create table order_items (
        price float(53) not null,
        quantity integer not null,
        id bigint generated by default as identity,
        order_id bigint,
        product_id bigint,
        product_name varchar(255) not null,
        primary key (id)
    )
2025-06-12 11:16:20 - 
    create table orders (
        total_amount float(53) not null,
        id bigint generated by default as identity,
        order_date timestamp(6) not null,
        refunded_at timestamp(6),
        user_id bigint,
        delivery_address varchar(255) not null,
        delivery_city varchar(255) not null,
        delivery_name varchar(255) not null,
        delivery_phone varchar(255),
        delivery_postal_code varchar(255) not null,
        order_number varchar(255) not null unique,
        payment_method varchar(255),
        payment_transaction_id varchar(255),
        transaction_id varchar(255),
        payment_status enum ('CANCELLED','COMPLETED','FAILED','PARTIALLY_REFUNDED','PENDING','PROCESSING','REFUNDED'),
        status enum ('CANCELLED','CONFIRMED','DELIVERED','PENDING','PROCESSING','SHIPPED') not null,
        primary key (id)
    )
Hibernate: 
    create table orders (
        total_amount float(53) not null,
        id bigint generated by default as identity,
        order_date timestamp(6) not null,
        refunded_at timestamp(6),
        user_id bigint,
        delivery_address varchar(255) not null,
        delivery_city varchar(255) not null,
        delivery_name varchar(255) not null,
        delivery_phone varchar(255),
        delivery_postal_code varchar(255) not null,
        order_number varchar(255) not null unique,
        payment_method varchar(255),
        payment_transaction_id varchar(255),
        transaction_id varchar(255),
        payment_status enum ('CANCELLED','COMPLETED','FAILED','PARTIALLY_REFUNDED','PENDING','PROCESSING','REFUNDED'),
        status enum ('CANCELLED','CONFIRMED','DELIVERED','PENDING','PROCESSING','SHIPPED') not null,
        primary key (id)
    )
2025-06-12 11:16:20 - 
    create table payments (
        amount numeric(10,2) not null,
        created_at timestamp(6),
        id bigint generated by default as identity,
        order_id bigint not null,
        processed_at timestamp(6),
        updated_at timestamp(6),
        card_type varchar(20),
        masked_card_number varchar(20),
        ip_address varchar(45),
        authorization_code varchar(50),
        gateway_transaction_id varchar(100),
        merchant_reference varchar(100),
        transaction_id varchar(100),
        failure_reason varchar(500),
        user_agent varchar(500),
        gateway_response varchar(1000),
        status enum ('CANCELLED','COMPLETED','FAILED','PARTIALLY_REFUNDED','PENDING','PROCESSING','REFUNDED') not null,
        type enum ('BANK_TRANSFER','CASH','CREDIT_CARD','CRYPTOCURRENCY','DEBIT_CARD','GIFT_CARD','MOBILE_PAYMENT','PAYPAL','REFUND','STRIPE'),
        primary key (id)
    )
Hibernate: 
    create table payments (
        amount numeric(10,2) not null,
        created_at timestamp(6),
        id bigint generated by default as identity,
        order_id bigint not null,
        processed_at timestamp(6),
        updated_at timestamp(6),
        card_type varchar(20),
        masked_card_number varchar(20),
        ip_address varchar(45),
        authorization_code varchar(50),
        gateway_transaction_id varchar(100),
        merchant_reference varchar(100),
        transaction_id varchar(100),
        failure_reason varchar(500),
        user_agent varchar(500),
        gateway_response varchar(1000),
        status enum ('CANCELLED','COMPLETED','FAILED','PARTIALLY_REFUNDED','PENDING','PROCESSING','REFUNDED') not null,
        type enum ('BANK_TRANSFER','CASH','CREDIT_CARD','CRYPTOCURRENCY','DEBIT_CARD','GIFT_CARD','MOBILE_PAYMENT','PAYPAL','REFUND','STRIPE'),
        primary key (id)
    )
2025-06-12 11:16:20 - 
    create table products (
        category_id integer,
        is_active boolean,
        is_featured boolean,
        manufacturer_id integer,
        price numeric(10,2) not null,
        sale_price numeric(10,2),
        stock_quantity integer,
        view_count integer not null,
        created_at timestamp(6),
        id bigint generated by default as identity,
        updated_at timestamp(6),
        description varchar(1000),
        category varchar(255),
        image_url varchar(255),
        name varchar(255) not null,
        primary key (id)
    )
Hibernate: 
    create table products (
        category_id integer,
        is_active boolean,
        is_featured boolean,
        manufacturer_id integer,
        price numeric(10,2) not null,
        sale_price numeric(10,2),
        stock_quantity integer,
        view_count integer not null,
        created_at timestamp(6),
        id bigint generated by default as identity,
        updated_at timestamp(6),
        description varchar(1000),
        category varchar(255),
        image_url varchar(255),
        name varchar(255) not null,
        primary key (id)
    )
2025-06-12 11:16:20 - 
    create table roles (
        id integer generated by default as identity,
        name enum ('ROLE_ADMIN','ROLE_MODERATOR','ROLE_USER'),
        primary key (id)
    )
Hibernate: 
    create table roles (
        id integer generated by default as identity,
        name enum ('ROLE_ADMIN','ROLE_MODERATOR','ROLE_USER'),
        primary key (id)
    )
2025-06-12 11:16:20 - 
    create table user_roles (
        user_id bigint not null,
        role varchar(255)
    )
Hibernate: 
    create table user_roles (
        user_id bigint not null,
        role varchar(255)
    )
2025-06-12 11:16:20 - 
    create table users (
        active boolean,
        email_verified boolean,
        created_at timestamp(6),
        id bigint generated by default as identity,
        reset_token_expiry timestamp(6),
        updated_at timestamp(6),
        verification_token_expiry timestamp(6),
        email varchar(255) not null unique,
        first_name varchar(255),
        last_name varchar(255),
        password varchar(255) not null,
        reset_token varchar(255),
        username varchar(255) not null unique,
        verification_token varchar(255),
        primary key (id)
    )
Hibernate: 
    create table users (
        active boolean,
        email_verified boolean,
        created_at timestamp(6),
        id bigint generated by default as identity,
        reset_token_expiry timestamp(6),
        updated_at timestamp(6),
        verification_token_expiry timestamp(6),
        email varchar(255) not null unique,
        first_name varchar(255),
        last_name varchar(255),
        password varchar(255) not null,
        reset_token varchar(255),
        username varchar(255) not null unique,
        verification_token varchar(255),
        primary key (id)
    )
2025-06-12 11:16:20 - 
    alter table if exists cart_items 
       add constraint FKpcttvuq4mxppo8sxggjtn5i2c 
       foreign key (cart_id) 
       references carts
Hibernate: 
    alter table if exists cart_items 
       add constraint FKpcttvuq4mxppo8sxggjtn5i2c 
       foreign key (cart_id) 
       references carts
2025-06-12 11:16:20 - 
    alter table if exists cart_items 
       add constraint FK1re40cjegsfvw58xrkdp6bac6 
       foreign key (product_id) 
       references products
Hibernate: 
    alter table if exists cart_items 
       add constraint FK1re40cjegsfvw58xrkdp6bac6 
       foreign key (product_id) 
       references products
2025-06-12 11:16:20 - 
    alter table if exists carts 
       add constraint FKb5o626f86h46m4s7ms6ginnop 
       foreign key (user_id) 
       references users
Hibernate: 
    alter table if exists carts 
       add constraint FKb5o626f86h46m4s7ms6ginnop 
       foreign key (user_id) 
       references users
2025-06-12 11:16:20 - 
    alter table if exists order_items 
       add constraint FKbioxgbv59vetrxe0ejfubep1w 
       foreign key (order_id) 
       references orders
Hibernate: 
    alter table if exists order_items 
       add constraint FKbioxgbv59vetrxe0ejfubep1w 
       foreign key (order_id) 
       references orders
2025-06-12 11:16:20 - 
    alter table if exists order_items 
       add constraint FKocimc7dtr037rh4ls4l95nlfi 
       foreign key (product_id) 
       references products
Hibernate: 
    alter table if exists order_items 
       add constraint FKocimc7dtr037rh4ls4l95nlfi 
       foreign key (product_id) 
       references products
2025-06-12 11:16:20 - 
    alter table if exists orders 
       add constraint FK32ql8ubntj5uh44ph9659tiih 
       foreign key (user_id) 
       references users
Hibernate: 
    alter table if exists orders 
       add constraint FK32ql8ubntj5uh44ph9659tiih 
       foreign key (user_id) 
       references users
2025-06-12 11:16:20 - 
    alter table if exists payments 
       add constraint FK81gagumt0r8y3rmudcgpbk42l 
       foreign key (order_id) 
       references orders
Hibernate: 
    alter table if exists payments 
       add constraint FK81gagumt0r8y3rmudcgpbk42l 
       foreign key (order_id) 
       references orders
2025-06-12 11:16:20 - 
    alter table if exists user_roles 
       add constraint FKhfh9dx7w3ubf1co1vdev94g3f 
       foreign key (user_id) 
       references users
Hibernate: 
    alter table if exists user_roles 
       add constraint FKhfh9dx7w3ubf1co1vdev94g3f 
       foreign key (user_id) 
       references users
2025-06-12 11:16:20 - Initialized JPA EntityManagerFactory for persistence unit 'default'
2025-06-12 11:16:20 - Hibernate is in classpath; If applicable, HQL parser will be used.
2025-06-12 11:16:21 - Started UserRepositoryTest in 8.542 seconds (process running for 11.415)

=== SPRING BOOT DEBUG INFO ===
=== REGISTERED CONTROLLERS ===

=== URL MAPPINGS ===
Could not get URL mappings: No qualifying bean of type 'org.springframework.web.servlet.mvc.method.annotation.RequestMappingHandlerMapping' available
=== END DEBUG INFO ===

2025-06-12 11:16:22 - Kör testFindByEmail
2025-06-12 11:16:22 - 
    insert 
    into
        users
        (active, created_at, email, email_verified, first_name, last_name, password, reset_token, reset_token_expiry, updated_at, username, verification_token, verification_token_expiry, id) 
    values
        (?, ?, ?, ?, ?, ?, ?, ?, ?, ?, ?, ?, ?, default)
Hibernate: 
    insert 
    into
        users
        (active, created_at, email, email_verified, first_name, last_name, password, reset_token, reset_token_expiry, updated_at, username, verification_token, verification_token_expiry, id) 
    values
        (?, ?, ?, ?, ?, ?, ?, ?, ?, ?, ?, ?, ?, default)
2025-06-12 11:16:22 - 
    select
        u1_0.id,
        u1_0.active,
        u1_0.created_at,
        u1_0.email,
        u1_0.email_verified,
        u1_0.first_name,
        u1_0.last_name,
        u1_0.password,
        u1_0.reset_token,
        u1_0.reset_token_expiry,
        u1_0.updated_at,
        u1_0.username,
        u1_0.verification_token,
        u1_0.verification_token_expiry 
    from
        users u1_0 
    where
        u1_0.email=?
Hibernate: 
    select
        u1_0.id,
        u1_0.active,
        u1_0.created_at,
        u1_0.email,
        u1_0.email_verified,
        u1_0.first_name,
        u1_0.last_name,
        u1_0.password,
        u1_0.reset_token,
        u1_0.reset_token_expiry,
        u1_0.updated_at,
        u1_0.username,
        u1_0.verification_token,
        u1_0.verification_token_expiry 
    from
        users u1_0 
    where
        u1_0.email=?
2025-06-12 11:16:22 - Test slutfört framgångsrikt
]]></system-out>
    <system-err><![CDATA[WARNING: A Java agent has been loaded dynamically (/Users/zarkow/.m2/repository/net/bytebuddy/byte-buddy-agent/1.14.16/byte-buddy-agent-1.14.16.jar)
WARNING: If a serviceability tool is in use, please run with -XX:+EnableDynamicAgentLoading to hide this warning
WARNING: If a serviceability tool is not in use, please run with -Djdk.instrument.traceUsage for more information
WARNING: Dynamic loading of agents will be disallowed by default in a future release
]]></system-err>
  </testcase>
  <testcase name="testSaveAndFindUser" classname="com.ctrlbuy.webshop.security.repository.UserRepositoryTest" time="0.012">
    <system-out><![CDATA[2025-06-12 11:16:22 - Kör testSaveAndFindUser
2025-06-12 11:16:22 - 
    insert 
    into
        users
        (active, created_at, email, email_verified, first_name, last_name, password, reset_token, reset_token_expiry, updated_at, username, verification_token, verification_token_expiry, id) 
    values
        (?, ?, ?, ?, ?, ?, ?, ?, ?, ?, ?, ?, ?, default)
Hibernate: 
    insert 
    into
        users
        (active, created_at, email, email_verified, first_name, last_name, password, reset_token, reset_token_expiry, updated_at, username, verification_token, verification_token_expiry, id) 
    values
        (?, ?, ?, ?, ?, ?, ?, ?, ?, ?, ?, ?, ?, default)
2025-06-12 11:16:22 - Sparad användare med ID: 2
2025-06-12 11:16:22 - 
    select
        u1_0.id,
        u1_0.active,
        u1_0.created_at,
        u1_0.email,
        u1_0.email_verified,
        u1_0.first_name,
        u1_0.last_name,
        u1_0.password,
        u1_0.reset_token,
        u1_0.reset_token_expiry,
        u1_0.updated_at,
        u1_0.username,
        u1_0.verification_token,
        u1_0.verification_token_expiry 
    from
        users u1_0 
    where
        u1_0.username=?
Hibernate: 
    select
        u1_0.id,
        u1_0.active,
        u1_0.created_at,
        u1_0.email,
        u1_0.email_verified,
        u1_0.first_name,
        u1_0.last_name,
        u1_0.password,
        u1_0.reset_token,
        u1_0.reset_token_expiry,
        u1_0.updated_at,
        u1_0.username,
        u1_0.verification_token,
        u1_0.verification_token_expiry 
    from
        users u1_0 
    where
        u1_0.username=?
2025-06-12 11:16:22 - Test slutfört framgångsrikt
]]></system-out>
  </testcase>
</testsuite>